Fri Apr 22 11:54:58 EDT 2016 : Apache Derby Network Server - 10.10.2.0 - (1582446) started and ready to accept connections on port 1527
----------------------------------------------------------------
Fri Apr 22 11:54:59 EDT 2016:
Booting Derby version The Apache Software Foundation - Apache Derby - 10.10.2.0 - (1582446): instance a816c00e-0154-3eae-6b38-ffffdc237868 
on database directory /Users/hlt04/NetBeansProjects/BookWorld/DBMS/bookworld with class loader sun.misc.Launcher$AppClassLoader@78308db1 
Loaded from file:/Applications/NetBeans/glassfish-4.1.1/javadb/lib/derby.jar
java.vendor=Oracle Corporation
java.runtime.version=1.8.0_45-b14
user.dir=/Applications/NetBeans/glassfish-4.1.1/javadb
os.name=Mac OS X
os.arch=x86_64
os.version=10.11.4
derby.system.home=/Users/hlt04/NetBeansProjects/BookWorld/DBMS
Database Class Loader started - derby.database.classpath=''
----------------------------------------------------------------
Fri Apr 22 11:55:00 EDT 2016:
Shutting down instance a816c00e-0154-3eae-6b38-ffffdc237868 on database directory /Users/hlt04/NetBeansProjects/BookWorld/DBMS/bookworld with class loader sun.misc.Launcher$AppClassLoader@78308db1 
Fri Apr 22 11:55:00 EDT 2016 Thread[DRDAConnThread_3,5,main] (DATABASE = bookworld), (DRDAID = {2}), Database 'bookworld' shutdown.
----------------------------------------------------------------
Fri Apr 22 11:56:40 EDT 2016:
Booting Derby version The Apache Software Foundation - Apache Derby - 10.10.2.0 - (1582446): instance 560740aa-0154-3eae-6b38-ffffdc237868 
on database directory /Users/hlt04/NetBeansProjects/BookWorld/DBMS/bookworld with class loader sun.misc.Launcher$AppClassLoader@78308db1 
Loaded from file:/Applications/NetBeans/glassfish-4.1.1/javadb/lib/derby.jar
java.vendor=Oracle Corporation
java.runtime.version=1.8.0_45-b14
user.dir=/Applications/NetBeans/glassfish-4.1.1/javadb
os.name=Mac OS X
os.arch=x86_64
os.version=10.11.4
derby.system.home=/Users/hlt04/NetBeansProjects/BookWorld/DBMS
Database Class Loader started - derby.database.classpath=''
